Change Component Comment : Designator=R6 Old Comment=270k - 5% New Comment=1206
Change Component Comment : Designator=R2 Old Comment=270k - 5% New Comment=Res Semi
Change Component Comment : Designator=R3 Old Comment=270k - 5% New Comment=Res Semi
Change Component Comment : Designator=R4 Old Comment=270k - 5% New Comment=Res Semi
Change Component Comment : Designator=R5 Old Comment=270k - 5% New Comment=Res Semi
Change Component Comment : Designator=R7 Old Comment=270k - 5% New Comment=Res Semi
Change Component Comment : Designator=R8 Old Comment=270k - 5% New Comment=Res Semi
Change Component Comment : Designator=R10 Old Comment=270k - 5% New Comment=Res Semi
Change Component Comment : Designator=R11 Old Comment=270k - 5% New Comment=Res Semi
Change Component Comment : Designator=R12 Old Comment=270k - 5% New Comment=Res Semi
Change Component Comment : Designator=R13 Old Comment=270k - 5% New Comment=Res Semi
Change Component Comment : Designator=R14 Old Comment=270k - 5% New Comment=Res Semi
Change Component Comment : Designator=R17 Old Comment=270k - 5% New Comment=Res Semi
Change Component Comment : Designator=R18 Old Comment=270k - 5% New Comment=Res Semi
Change Component Comment : Designator=R21 Old Comment=270k - 5% New Comment=Res Semi
Change Component Comment : Designator=R22 Old Comment=270k - 5% New Comment=Res Semi
Change Component Comment : Designator=R23 Old Comment=270k - 5% New Comment=Res Semi
Change Component Comment : Designator=R24 Old Comment=270k - 5% New Comment=Res Semi
Change Component Comment : Designator=R25 Old Comment=270k - 5% New Comment=Res Semi
Change Component Comment : Designator=R26 Old Comment=270k - 5% New Comment=Res Semi
Change component parameters: Designator = "R2" ("R2"); Footprint = "R1206"; UniqueID = "\CCEFQBTT" ("\CCEFQBTT")
Change component parameters (AddParameter): Name = "LatestRevisionDate"; Value = "17-Jul-2002"; VariantName = "[No Variations]"
Change component parameters (AddParameter): Name = "LatestRevisionNote"; Value = "Re-released for DXP Platform."; VariantName = "[No Variations]"
Change component parameters (AddParameter): Name = "PackageReference"; Value = "AXIAL-0.5"; VariantName = "[No Variations]"
Change component parameters (AddParameter): Name = "Published"; Value = "8-Jun-2000"; VariantName = "[No Variations]"
Change component parameters (AddParameter): Name = "Publisher"; Value = "Altium Limited"; VariantName = "[No Variations]"
Change component parameters (AddParameter): Name = "Value"; Value = "2.2K"; VariantName = "[No Variations]"
Change component parameters: Designator = "R3" ("R3"); Footprint = "R1206"; UniqueID = "\PVZGEDAZ" ("\PVZGEDAZ")
Change component parameters (AddParameter): Name = "LatestRevisionDate"; Value = "17-Jul-2002"; VariantName = "[No Variations]"
Change component parameters (AddParameter): Name = "LatestRevisionNote"; Value = "Re-released for DXP Platform."; VariantName = "[No Variations]"
Change component parameters (AddParameter): Name = "PackageReference"; Value = "AXIAL-0.5"; VariantName = "[No Variations]"
Change component parameters (AddParameter): Name = "Published"; Value = "8-Jun-2000"; VariantName = "[No Variations]"
Change component parameters (AddParameter): Name = "Publisher"; Value = "Altium Limited"; VariantName = "[No Variations]"
Change component parameters (AddParameter): Name = "Value"; Value = "1k"; VariantName = "[No Variations]"
Change component parameters: Designator = "R4" ("R4"); Footprint = "R1206"; UniqueID = "\EQLRFMVD" ("\EQLRFMVD")
Change component parameters (AddParameter): Name = "LatestRevisionDate"; Value = "17-Jul-2002"; VariantName = "[No Variations]"
Change component parameters (AddParameter): Name = "LatestRevisionNote"; Value = "Re-released for DXP Platform."; VariantName = "[No Variations]"
Change component parameters (AddParameter): Name = "PackageReference"; Value = "AXIAL-0.5"; VariantName = "[No Variations]"
Change component parameters (AddParameter): Name = "Published"; Value = "8-Jun-2000"; VariantName = "[No Variations]"
Change component parameters (AddParameter): Name = "Publisher"; Value = "Altium Limited"; VariantName = "[No Variations]"
Change component parameters (AddParameter): Name = "Value"; Value = "2.2K"; VariantName = "[No Variations]"
Change component parameters: Designator = "R5" ("R5"); Footprint = "R1206"; UniqueID = "\YEEFGEPI" ("\YEEFGEPI")
Change component parameters (AddParameter): Name = "LatestRevisionDate"; Value = "17-Jul-2002"; VariantName = "[No Variations]"
Change component parameters (AddParameter): Name = "LatestRevisionNote"; Value = "Re-released for DXP Platform."; VariantName = "[No Variations]"
Change component parameters (AddParameter): Name = "PackageReference"; Value = "AXIAL-0.5"; VariantName = "[No Variations]"
Change component parameters (AddParameter): Name = "Published"; Value = "8-Jun-2000"; VariantName = "[No Variations]"
Change component parameters (AddParameter): Name = "Publisher"; Value = "Altium Limited"; VariantName = "[No Variations]"
Change component parameters (AddParameter): Name = "Value"; Value = "1k"; VariantName = "[No Variations]"
Change component parameters: Designator = "R6" ("R6"); Footprint = "R1206"; UniqueID = "\RINZMJQE" ("\RINZMJQE")
Change component parameters (AddParameter): Name = "LatestRevisionDate"; Value = "29-May-2009"; VariantName = "[No Variations]"
Change component parameters (AddParameter): Name = "LatestRevisionNote"; Value = "IPC-7351 Footprint Added."; VariantName = "[No Variations]"
Change component parameters (AddParameter): Name = "PackageDescription"; Value = "Chip Resistor"; VariantName = "[No Variations]"
Change component parameters (AddParameter): Name = "PackageReference"; Value = "J1-0603"; VariantName = "[No Variations]"
Change component parameters (AddParameter): Name = "Published"; Value = "8-Jun-2000"; VariantName = "[No Variations]"
Change component parameters (AddParameter): Name = "Publisher"; Value = "Altium Limited"; VariantName = "[No Variations]"
Change component parameters (AddParameter): Name = "Value"; Value = "100"; VariantName = "[No Variations]"
Change component parameters: Designator = "R7" ("R7"); Footprint = "R1206"; UniqueID = "\HHYTZIIK" ("\HHYTZIIK")
Change component parameters (AddParameter): Name = "LatestRevisionDate"; Value = "17-Jul-2002"; VariantName = "[No Variations]"
Change component parameters (AddParameter): Name = "LatestRevisionNote"; Value = "Re-released for DXP Platform."; VariantName = "[No Variations]"
Change component parameters (AddParameter): Name = "PackageReference"; Value = "AXIAL-0.5"; VariantName = "[No Variations]"
Change component parameters (AddParameter): Name = "Published"; Value = "8-Jun-2000"; VariantName = "[No Variations]"
Change component parameters (AddParameter): Name = "Publisher"; Value = "Altium Limited"; VariantName = "[No Variations]"
Change component parameters (AddParameter): Name = "Value"; Value = "2.2K"; VariantName = "[No Variations]"
Change component parameters: Designator = "R8" ("R8"); Footprint = "R1206"; UniqueID = "\PEHJAAJJ" ("\PEHJAAJJ")
Change component parameters (AddParameter): Name = "LatestRevisionDate"; Value = "17-Jul-2002"; VariantName = "[No Variations]"
Change component parameters (AddParameter): Name = "LatestRevisionNote"; Value = "Re-released for DXP Platform."; VariantName = "[No Variations]"
Change component parameters (AddParameter): Name = "PackageReference"; Value = "AXIAL-0.5"; VariantName = "[No Variations]"
Change component parameters (AddParameter): Name = "Published"; Value = "8-Jun-2000"; VariantName = "[No Variations]"
Change component parameters (AddParameter): Name = "Publisher"; Value = "Altium Limited"; VariantName = "[No Variations]"
Change component parameters (AddParameter): Name = "Value"; Value = "100"; VariantName = "[No Variations]"
Change component parameters: Designator = "R10" ("R10"); Footprint = "R1206"; UniqueID = "\UQEZSDQA" ("\UQEZSDQA")
Change component parameters (AddParameter): Name = "LatestRevisionDate"; Value = "17-Jul-2002"; VariantName = "[No Variations]"
Change component parameters (AddParameter): Name = "LatestRevisionNote"; Value = "Re-released for DXP Platform."; VariantName = "[No Variations]"
Change component parameters (AddParameter): Name = "PackageReference"; Value = "AXIAL-0.5"; VariantName = "[No Variations]"
Change component parameters (AddParameter): Name = "Published"; Value = "8-Jun-2000"; VariantName = "[No Variations]"
Change component parameters (AddParameter): Name = "Publisher"; Value = "Altium Limited"; VariantName = "[No Variations]"
Change component parameters (AddParameter): Name = "Value"; Value = "1k"; VariantName = "[No Variations]"
Change component parameters: Designator = "R11" ("R11"); Footprint = "R1206"; UniqueID = "\ITLZVDGI" ("\ITLZVDGI")
Change component parameters (AddParameter): Name = "LatestRevisionDate"; Value = "17-Jul-2002"; VariantName = "[No Variations]"
Change component parameters (AddParameter): Name = "LatestRevisionNote"; Value = "Re-released for DXP Platform."; VariantName = "[No Variations]"
Change component parameters (AddParameter): Name = "PackageReference"; Value = "AXIAL-0.5"; VariantName = "[No Variations]"
Change component parameters (AddParameter): Name = "Published"; Value = "8-Jun-2000"; VariantName = "[No Variations]"
Change component parameters (AddParameter): Name = "Publisher"; Value = "Altium Limited"; VariantName = "[No Variations]"
Change component parameters (AddParameter): Name = "Value"; Value = "1k"; VariantName = "[No Variations]"
Change component parameters: Designator = "R12" ("R12"); Footprint = "R1206"; UniqueID = "\DDAHVMJR" ("\DDAHVMJR")
Change component parameters (AddParameter): Name = "LatestRevisionDate"; Value = "17-Jul-2002"; VariantName = "[No Variations]"
Change component parameters (AddParameter): Name = "LatestRevisionNote"; Value = "Re-released for DXP Platform."; VariantName = "[No Variations]"
Change component parameters (AddParameter): Name = "PackageReference"; Value = "AXIAL-0.5"; VariantName = "[No Variations]"
Change component parameters (AddParameter): Name = "Published"; Value = "8-Jun-2000"; VariantName = "[No Variations]"
Change component parameters (AddParameter): Name = "Publisher"; Value = "Altium Limited"; VariantName = "[No Variations]"
Change component parameters (AddParameter): Name = "Value"; Value = "1k"; VariantName = "[No Variations]"
Change component parameters: Designator = "R13" ("R13"); Footprint = "R1206"; UniqueID = "\AJLKQJBN" ("\AJLKQJBN")
Change component parameters (AddParameter): Name = "LatestRevisionDate"; Value = "17-Jul-2002"; VariantName = "[No Variations]"
Change component parameters (AddParameter): Name = "LatestRevisionNote"; Value = "Re-released for DXP Platform."; VariantName = "[No Variations]"
Change component parameters (AddParameter): Name = "PackageReference"; Value = "AXIAL-0.5"; VariantName = "[No Variations]"
Change component parameters (AddParameter): Name = "Published"; Value = "8-Jun-2000"; VariantName = "[No Variations]"
Change component parameters (AddParameter): Name = "Publisher"; Value = "Altium Limited"; VariantName = "[No Variations]"
Change component parameters (AddParameter): Name = "Value"; Value = "1k"; VariantName = "[No Variations]"
Change component parameters: Designator = "R14" ("R14"); Footprint = "R1206"; UniqueID = "\NMQPUBXJ" ("\NMQPUBXJ")
Change component parameters (AddParameter): Name = "LatestRevisionDate"; Value = "17-Jul-2002"; VariantName = "[No Variations]"
Change component parameters (AddParameter): Name = "LatestRevisionNote"; Value = "Re-released for DXP Platform."; VariantName = "[No Variations]"
Change component parameters (AddParameter): Name = "PackageReference"; Value = "AXIAL-0.5"; VariantName = "[No Variations]"
Change component parameters (AddParameter): Name = "Published"; Value = "8-Jun-2000"; VariantName = "[No Variations]"
Change component parameters (AddParameter): Name = "Publisher"; Value = "Altium Limited"; VariantName = "[No Variations]"
Change component parameters (AddParameter): Name = "Value"; Value = "1k"; VariantName = "[No Variations]"
Change component parameters: Designator = "R17" ("R17"); Footprint = "R1206"; UniqueID = "\SOYUZCVH" ("\SOYUZCVH")
Change component parameters (AddParameter): Name = "LatestRevisionDate"; Value = "17-Jul-2002"; VariantName = "[No Variations]"
Change component parameters (AddParameter): Name = "LatestRevisionNote"; Value = "Re-released for DXP Platform."; VariantName = "[No Variations]"
Change component parameters (AddParameter): Name = "PackageReference"; Value = "AXIAL-0.5"; VariantName = "[No Variations]"
Change component parameters (AddParameter): Name = "Published"; Value = "8-Jun-2000"; VariantName = "[No Variations]"
Change component parameters (AddParameter): Name = "Publisher"; Value = "Altium Limited"; VariantName = "[No Variations]"
Change component parameters (AddParameter): Name = "Value"; Value = "1k"; VariantName = "[No Variations]"
Change component parameters: Designator = "R18" ("R18"); Footprint = "R1206"; UniqueID = "\AGXITKSI" ("\AGXITKSI")
Change component parameters (AddParameter): Name = "LatestRevisionDate"; Value = "17-Jul-2002"; VariantName = "[No Variations]"
Change component parameters (AddParameter): Name = "LatestRevisionNote"; Value = "Re-released for DXP Platform."; VariantName = "[No Variations]"
Change component parameters (AddParameter): Name = "PackageReference"; Value = "AXIAL-0.5"; VariantName = "[No Variations]"
Change component parameters (AddParameter): Name = "Published"; Value = "8-Jun-2000"; VariantName = "[No Variations]"
Change component parameters (AddParameter): Name = "Publisher"; Value = "Altium Limited"; VariantName = "[No Variations]"
Change component parameters (AddParameter): Name = "Value"; Value = "1k"; VariantName = "[No Variations]"
Change component parameters: Designator = "R21" ("R21"); Footprint = "R1206"; UniqueID = "\QZDWEVEG" ("\QZDWEVEG")
Change component parameters (AddParameter): Name = "LatestRevisionDate"; Value = "17-Jul-2002"; VariantName = "[No Variations]"
Change component parameters (AddParameter): Name = "LatestRevisionNote"; Value = "Re-released for DXP Platform."; VariantName = "[No Variations]"
Change component parameters (AddParameter): Name = "PackageReference"; Value = "AXIAL-0.5"; VariantName = "[No Variations]"
Change component parameters (AddParameter): Name = "Published"; Value = "8-Jun-2000"; VariantName = "[No Variations]"
Change component parameters (AddParameter): Name = "Publisher"; Value = "Altium Limited"; VariantName = "[No Variations]"
Change component parameters (AddParameter): Name = "Value"; Value = "1k"; VariantName = "[No Variations]"
Change component parameters: Designator = "R22" ("R22"); Footprint = "R1206"; UniqueID = "\PXVAEFLT" ("\PXVAEFLT")
Change component parameters (AddParameter): Name = "LatestRevisionDate"; Value = "17-Jul-2002"; VariantName = "[No Variations]"
Change component parameters (AddParameter): Name = "LatestRevisionNote"; Value = "Re-released for DXP Platform."; VariantName = "[No Variations]"
Change component parameters (AddParameter): Name = "PackageReference"; Value = "AXIAL-0.5"; VariantName = "[No Variations]"
Change component parameters (AddParameter): Name = "Published"; Value = "8-Jun-2000"; VariantName = "[No Variations]"
Change component parameters (AddParameter): Name = "Publisher"; Value = "Altium Limited"; VariantName = "[No Variations]"
Change component parameters (AddParameter): Name = "Value"; Value = "1k"; VariantName = "[No Variations]"
Change component parameters: Designator = "R23" ("R23"); Footprint = "R1206"; UniqueID = "\QOOCRCHT" ("\QOOCRCHT")
Change component parameters (AddParameter): Name = "LatestRevisionDate"; Value = "17-Jul-2002"; VariantName = "[No Variations]"
Change component parameters (AddParameter): Name = "LatestRevisionNote"; Value = "Re-released for DXP Platform."; VariantName = "[No Variations]"
Change component parameters (AddParameter): Name = "PackageReference"; Value = "AXIAL-0.5"; VariantName = "[No Variations]"
Change component parameters (AddParameter): Name = "Published"; Value = "8-Jun-2000"; VariantName = "[No Variations]"
Change component parameters (AddParameter): Name = "Publisher"; Value = "Altium Limited"; VariantName = "[No Variations]"
Change component parameters (AddParameter): Name = "Value"; Value = "1k"; VariantName = "[No Variations]"
Change component parameters: Designator = "R24" ("R24"); Footprint = "R1206"; UniqueID = "\RLORGRMQ" ("\RLORGRMQ")
Change component parameters (AddParameter): Name = "LatestRevisionDate"; Value = "17-Jul-2002"; VariantName = "[No Variations]"
Change component parameters (AddParameter): Name = "LatestRevisionNote"; Value = "Re-released for DXP Platform."; VariantName = "[No Variations]"
Change component parameters (AddParameter): Name = "PackageReference"; Value = "AXIAL-0.5"; VariantName = "[No Variations]"
Change component parameters (AddParameter): Name = "Published"; Value = "8-Jun-2000"; VariantName = "[No Variations]"
Change component parameters (AddParameter): Name = "Publisher"; Value = "Altium Limited"; VariantName = "[No Variations]"
Change component parameters (AddParameter): Name = "Value"; Value = "1k"; VariantName = "[No Variations]"
Change component parameters: Designator = "R25" ("R25"); Footprint = "R1206"; UniqueID = "\NOQMBZZN" ("\NOQMBZZN")
Change component parameters (AddParameter): Name = "LatestRevisionDate"; Value = "17-Jul-2002"; VariantName = "[No Variations]"
Change component parameters (AddParameter): Name = "LatestRevisionNote"; Value = "Re-released for DXP Platform."; VariantName = "[No Variations]"
Change component parameters (AddParameter): Name = "PackageReference"; Value = "AXIAL-0.5"; VariantName = "[No Variations]"
Change component parameters (AddParameter): Name = "Published"; Value = "8-Jun-2000"; VariantName = "[No Variations]"
Change component parameters (AddParameter): Name = "Publisher"; Value = "Altium Limited"; VariantName = "[No Variations]"
Change component parameters (AddParameter): Name = "Value"; Value = "3.3k"; VariantName = "[No Variations]"
Change component parameters: Designator = "R26" ("R26"); Footprint = "R1206"; UniqueID = "\LENQACRV" ("\LENQACRV")
Change component parameters (AddParameter): Name = "LatestRevisionDate"; Value = "17-Jul-2002"; VariantName = "[No Variations]"
Change component parameters (AddParameter): Name = "LatestRevisionNote"; Value = "Re-released for DXP Platform."; VariantName = "[No Variations]"
Change component parameters (AddParameter): Name = "PackageReference"; Value = "AXIAL-0.5"; VariantName = "[No Variations]"
Change component parameters (AddParameter): Name = "Published"; Value = "8-Jun-2000"; VariantName = "[No Variations]"
Change component parameters (AddParameter): Name = "Publisher"; Value = "Altium Limited"; VariantName = "[No Variations]"
Change component parameters (AddParameter): Name = "Value"; Value = "3.3k"; VariantName = "[No Variations]"
Add Component: Footprint Not Found R1206
Add Component: Footprint Not Found R1206
Added Pin To Net: NetName=SW2 Pin=R2-1
Added Pin To Net: NetName=VCC-3.3v Pin=R2-2
Added Pin To Net: NetName=RESET Pin=R3-1
Added Pin To Net: NetName=VCC-3.3v Pin=R3-2
Added Pin To Net: NetName=SW4 Pin=R4-1
Added Pin To Net: NetName=VCC-3.3v Pin=R4-2
Added Pin To Net: NetName=NetNOKIA 1202-1_11 Pin=R5-1
Added Pin To Net: NetName=NetIC4_3 Pin=R5-2
Added Pin To Net: NetName=VDD Pin=R6-1
Added Pin To Net: NetName=NetC61_1 Pin=R6-2
Added Pin To Net: NetName=sw3 Pin=R7-1
Added Pin To Net: NetName=VCC-3.3v Pin=R7-2
Added Pin To Net: NetName=NetC1_2 Pin=R8-1
Added Pin To Net: NetName=GND Pin=R8-2
Added Pin To Net: NetName=NetC1_2 Pin=R10-1
Added Pin To Net: NetName=NetC3_2 Pin=R10-2
Added Pin To Net: NetName=NetC3_2 Pin=R11-1
Added Pin To Net: NetName=amper Pin=R11-2
Added Pin To Net: NetName=backlight Pin=R12-1
Added Pin To Net: NetName=NetIC4_1 Pin=R12-2
Added Pin To Net: NetName=relay main Pin=R13-1
Added Pin To Net: NetName=NetQ2_1 Pin=R13-2
Added Pin To Net: NetName=NetP2_2 Pin=R14-1
Added Pin To Net: NetName=VCC-3.3v Pin=R14-2
Added Pin To Net: NetName=POWER VOLTAGE Pin=R17-1
Added Pin To Net: NetName=GND Pin=R17-2
Added Pin To Net: NetName=NetP2_2 Pin=R18-1
Added Pin To Net: NetName=INPUT Pin=R18-2
Added Pin To Net: NetName=GND Pin=R21-1
Added Pin To Net: NetName=INPUT Pin=R21-2
Added Pin To Net: NetName=NetIC5_1 Pin=R22-1
Added Pin To Net: NetName=buzzer Pin=R22-2
Added Pin To Net: NetName=SCL Pin=R23-1
Added Pin To Net: NetName=VCC-3.3v Pin=R23-2
Added Pin To Net: NetName=SDA Pin=R24-1
Added Pin To Net: NetName=VCC-3.3v Pin=R24-2
Added Pin To Net: NetName=INPUT Pin=R25-1
Added Pin To Net: NetName=Sens Pin=R25-2
Added Pin To Net: NetName=GND Pin=R26-1
Added Pin To Net: NetName=INPUT Pin=R26-2
Add Pin To Net: Unknown Pin: Pin R43-1
Add Pin To Net: Unknown Pin: Pin R43-2
Add Pin To Net: Unknown Pin: Pin R61-1
Add Pin To Net: Unknown Pin: Pin R61-2
Added Member To Class: ClassName=LOAD CONTROL_Final2 Member=Component R2 Res Semi
Added Member To Class: ClassName=LOAD CONTROL_Final2 Member=Component R3 Res Semi
Added Member To Class: ClassName=LOAD CONTROL_Final2 Member=Component R4 Res Semi
Added Member To Class: ClassName=LOAD CONTROL_Final2 Member=Component R5 Res Semi
Added Member To Class: ClassName=LOAD CONTROL_Final2 Member=Component R6 1206
Added Member To Class: ClassName=LOAD CONTROL_Final2 Member=Component R7 Res Semi
Added Member To Class: ClassName=LOAD CONTROL_Final2 Member=Component R8 Res Semi
Added Member To Class: ClassName=LOAD CONTROL_Final2 Member=Component R10 Res Semi
Added Member To Class: ClassName=LOAD CONTROL_Final2 Member=Component R11 Res Semi
Added Member To Class: ClassName=LOAD CONTROL_Final2 Member=Component R12 Res Semi
Added Member To Class: ClassName=LOAD CONTROL_Final2 Member=Component R13 Res Semi
Added Member To Class: ClassName=LOAD CONTROL_Final2 Member=Component R14 Res Semi
Added Member To Class: ClassName=LOAD CONTROL_Final2 Member=Component R17 Res Semi
Added Member To Class: ClassName=LOAD CONTROL_Final2 Member=Component R18 Res Semi
Added Member To Class: ClassName=LOAD CONTROL_Final2 Member=Component R21 Res Semi
Added Member To Class: ClassName=LOAD CONTROL_Final2 Member=Component R22 Res Semi
Added Member To Class: ClassName=LOAD CONTROL_Final2 Member=Component R23 Res Semi
Added Member To Class: ClassName=LOAD CONTROL_Final2 Member=Component R24 Res Semi
Added Member To Class: ClassName=LOAD CONTROL_Final2 Member=Component R25 Res Semi
Added Member To Class: ClassName=LOAD CONTROL_Final2 Member=Component R26 Res Semi
Add Class Member: Failed to add class member : Component R43 Res Semi
Add Class Member: Failed to add class member : Component R61 330k
