Removed Pin From Net: NetName=9v Pin=R3-2
Removed Pin From Net: NetName=NetD?_1 Pin=R9-1
Removed Pin From Net: NetName=Netpc817_2 Pin=R9-2
Removed Pin From Net: NetName=NetD?_2 Pin=R10-1
Removed Pin From Net: NetName=Netpc817_1 Pin=R10-2
Change Component Designator: OldDesignator=RT NewDesignator=Rrx
Change Component Designator: OldDesignator=RT NewDesignator=RTx
Added Pin To Net: NetName=NetC5_2 Pin=R3-1
Added Pin To Net: NetName=NetC32_2 Pin=R3-1
Added Pin To Net: NetName=9v Pin=R3-2
Added Pin To Net: NetName=VCC-3.3v Pin=R3-2
Added Pin To Net: NetName=NetC15_2 Pin=R9-1
Added Pin To Net: NetName=NetD?_1 Pin=R9-1
Added Pin To Net: NetName=Netpc817_2 Pin=R9-2
Added Pin To Net: NetName=VCC_5V Pin=R9-2
Added Pin To Net: NetName=NetC1_2 Pin=R10-1
Added Pin To Net: NetName=NetD?_2 Pin=R10-1
Added Pin To Net: NetName=NetC3_2 Pin=R10-2
Added Pin To Net: NetName=Netpc817_1 Pin=R10-2
Change Net Name : Old Net Name=NetRT_2 New Net Name=NetRTx_2
Added Pin To Net: NetName=NetRrx_2 Pin=Rrx-2
Added Pin To Net: NetName=NetRrx_2 Pin=U?-1
Added Net: Name=NetRrx_2
Added Member To Class: ClassName=LOAD CONTROL_Final2 Member=Component D? Diode
Added Member To Class: ClassName=LOAD CONTROL_Final2 Member=Component D? Diode
Added Member To Class: ClassName=LOAD CONTROL_Final2 Member=Component D? Diode
Added Member To Class: ClassName=LOAD CONTROL_Final2 Member=Component D? Diode
Added Member To Class: ClassName=LOAD CONTROL_Final2 Member=Component D? Diode
Added Member To Class: ClassName=LOAD CONTROL_Final2 Member=Component D? Diode
Added Member To Class: ClassName=LOAD CONTROL_Final2 Member=Component D? Diode
Added Member To Class: ClassName=LOAD CONTROL_Final2 Member=Component D? Diode
Added Member To Class: ClassName=LOAD CONTROL_Final2 Member=Component R3 10r
Added Member To Class: ClassName=LOAD CONTROL_Final2 Member=Component R3 Res Semi
Added Member To Class: ClassName=LOAD CONTROL_Final2 Member=Component R9 Res Semi
Added Member To Class: ClassName=LOAD CONTROL_Final2 Member=Component R10 Res Semi
Added Member To Class: ClassName=LOAD CONTROL_Final2 Member=Component Rrx 330r
Added Member To Class: ClassName=LOAD CONTROL_Final2 Member=Component RT 330r
Added Member To Class: ClassName=LOAD CONTROL_Final2 Member=Component RTx 330r
Added Room: Name=LOAD CONTROL_Final2
