Removed Pin From Net: NetName=9v Pin=R3-2
Removed Pin From Net: NetName=NetD?_1 Pin=R9-1
Removed Pin From Net: NetName=Netpc817_2 Pin=R9-2
Removed Pin From Net: NetName=NetD?_2 Pin=R10-1
Removed Pin From Net: NetName=Netpc817_1 Pin=R10-2
Added Component: Designator=D?(TO552P1530X450X2110-3B)
Add component. Clean all parameters for all variants
Add component (AddParameter): Name = "Check_prices"; Value = "https://www.snapeda.com/parts/BTA41-600A/STMicroelectronics/view-part/?ref=eda"; VariantName = "[No Variations]"
Add component (AddParameter): Name = "MF"; Value = "STMicroelectronics"; VariantName = "[No Variations]"
Add component (AddParameter): Name = "MP"; Value = "BTA41-600A"; VariantName = "[No Variations]"
Add component (AddParameter): Name = "Package"; Value = "TOP-3 STMicroelectronics"; VariantName = "[No Variations]"
Add component (AddParameter): Name = "SnapEDA_Link"; Value = "https://www.snapeda.com/parts/BTA41-600A/STMicroelectronics/view-part/?ref=snap"; VariantName = "[No Variations]"
Add component (AddParameter): Name = "Value"; Value = ""; VariantName = "[No Variations]"
Added Component: Designator=MOC3021(DIP-6)
Add component. Clean all parameters for all variants
Add component (AddParameter): Name = "Designer"; Value = "Seyed Mohsen Ghasemian"; VariantName = "[No Variations]"
Add component (AddParameter): Name = "E-mail"; Value = "picpars@gmail.com"; VariantName = "[No Variations]"
Add component (AddParameter): Name = "LatestRevisionDate"; Value = "17-11-2011"; VariantName = "[No Variations]"
Add component (AddParameter): Name = "Published"; Value = "17-11-2011"; VariantName = "[No Variations]"
Add component (AddParameter): Name = "Publisher"; Value = "www.picpars.com"; VariantName = "[No Variations]"
Add component (AddParameter): Name = "WEB"; Value = "www.picpars.com"; VariantName = "[No Variations]"
Added Pin To Net: NetName=GND Pin=MOC3021-2
Added Pin To Net: NetName=NetC5_2 Pin=R3-1
Added Pin To Net: NetName=9v Pin=R3-2
Added Pin To Net: NetName=VCC-3.3v Pin=R3-2
Added Pin To Net: NetName=NetC15_2 Pin=R9-1
Added Pin To Net: NetName=NetD?_1 Pin=R9-1
Added Pin To Net: NetName=Netpc817_2 Pin=R9-2
Added Pin To Net: NetName=VCC_5V Pin=R9-2
Added Pin To Net: NetName=NetC1_2 Pin=R10-1
Added Pin To Net: NetName=NetD?_2 Pin=R10-1
Added Pin To Net: NetName=NetC3_2 Pin=R10-2
Added Pin To Net: NetName=Netpc817_1 Pin=R10-2
Added Pin To Net: NetName=NetC5_1 Pin=RT1-2
Added Pin To Net: NetName=NetC32_2 Pin=D?-2
Added Pin To Net: NetName=NetC32_2 Pin=D?-2
Added Pin To Net: NetName=NetC32_2 Pin=R3-1
Added Net: Name=NetC32_2
Added Pin To Net: NetName=NetMOC3021_1 Pin=MOC3021-1
Added Net: Name=NetMOC3021_1
Added Net: Name=triakPulse
Added Member To Class: ClassName=LOAD CONTROL_Final2 Member=Component D? BTA41-600A
Added Member To Class: ClassName=LOAD CONTROL_Final2 Member=Component D? Diode
Added Member To Class: ClassName=LOAD CONTROL_Final2 Member=Component D? Diode
Added Member To Class: ClassName=LOAD CONTROL_Final2 Member=Component D? Diode
Added Member To Class: ClassName=LOAD CONTROL_Final2 Member=Component D? Diode
Added Member To Class: ClassName=LOAD CONTROL_Final2 Member=Component D? Diode
Added Member To Class: ClassName=LOAD CONTROL_Final2 Member=Component D? Diode
Added Member To Class: ClassName=LOAD CONTROL_Final2 Member=Component D? Diode
Added Member To Class: ClassName=LOAD CONTROL_Final2 Member=Component D? Diode
Added Member To Class: ClassName=LOAD CONTROL_Final2 Member=Component MOC3021 MOC3021-3
Added Member To Class: ClassName=LOAD CONTROL_Final2 Member=Component R3 10r
Added Member To Class: ClassName=LOAD CONTROL_Final2 Member=Component R3 Res Semi
Added Member To Class: ClassName=LOAD CONTROL_Final2 Member=Component R9 Res Semi
Added Member To Class: ClassName=LOAD CONTROL_Final2 Member=Component R10 Res Semi
Added Room: Name=LOAD CONTROL_Final2
