Removed Pin From Net: NetName=INPUT Pin=C12-2
Removed Pin From Net: NetName=GND Pin=P2-1
Removed Pin From Net: NetName=VCC-3.3v Pin=R14-2
Removed Pin From Net: NetName=INPUT Pin=R18-2
Removed Pin From Net: NetName=GND Pin=R21-1
Removed Pin From Net: NetName=INPUT Pin=R21-2
Removed Member From Class: ClassName=LOAD CONTROL_Final2 Member=P2
Removed Member From Class: ClassName=LOAD CONTROL_Final2 Member=R14
Removed Member From Class: ClassName=LOAD CONTROL_Final2 Member=R18
Removed Member From Class: ClassName=LOAD CONTROL_Final2 Member=R21
Added Component: Designator=C?(c1206)
Add component (AddParameter): Name = "LatestRevisionDate"; Value = "29-May-2009"; VariantName = "[No Variations]"
Add component (AddParameter): Name = "LatestRevisionNote"; Value = "IPC-7351 Footprint Added."; VariantName = "[No Variations]"
Add component (AddParameter): Name = "PackageDescription"; Value = "Chip Capacitor"; VariantName = "[No Variations]"
Add component (AddParameter): Name = "PackageReference"; Value = "C1206"; VariantName = "[No Variations]"
Add component (AddParameter): Name = "Published"; Value = "8-Jun-2000"; VariantName = "[No Variations]"
Add component (AddParameter): Name = "Publisher"; Value = "Altium Limited"; VariantName = "[No Variations]"
Add component (AddParameter): Name = "Value"; Value = "10PF"; VariantName = "[No Variations]"
Added Pin To Net: NetName=Sens Pin=C12-2
Added Pin To Net: NetName=GND Pin=C?-1
Added Pin To Net: NetName=INPUT Pin=C?-2
Added Member To Class: ClassName=LOAD CONTROL_Final2 Member=Component C? 100NF
