Removed Pin From Net: NetName=NetC5_1 Pin=C5-1
Removed Pin From Net: NetName=NetC5_2 Pin=C5-2
Removed Pin From Net: NetName=NetC5_1 Pin=R2-1
Removed Pin From Net: NetName=NetC5_2 Pin=R3-1
Change component parameters: Designator = "C?"; Footprint = "RAD-0.3"; UniqueID = "\WWCDCSWM"
Change component parameters. Clean all parameters for all variants
Change component parameters (AddParameter): Name = "LatestRevisionDate"; Value = "17-Jul-2002"; VariantName = "[No Variations]"
Change component parameters (AddParameter): Name = "LatestRevisionNote"; Value = "Re-released for DXP Platform."; VariantName = "[No Variations]"
Change component parameters (AddParameter): Name = "PackageDescription"; Value = "Radial Cap, Thru-Hole; 2 Leads; 0.3 in Pin Spacing"; VariantName = "[No Variations]"
Change component parameters (AddParameter): Name = "PackageReference"; Value = "RAD-0.3"; VariantName = "[No Variations]"
Change component parameters (AddParameter): Name = "Published"; Value = "8-Jun-2000"; VariantName = "[No Variations]"
Change component parameters (AddParameter): Name = "Publisher"; Value = "Altium Limited"; VariantName = "[No Variations]"
Change component parameters (AddParameter): Name = "Value"; Value = "1.5uf"; VariantName = "[No Variations]"
Added Component: Designator=D?(SMC)
Add component. Clean all parameters for all variants
Add component (AddParameter): Name = "Code_JEDEC"; Value = "DO-214-AB"; VariantName = "[No Variations]"
Add component (AddParameter): Name = "LatestRevisionDate"; Value = "17-Jul-2002"; VariantName = "[No Variations]"
Add component (AddParameter): Name = "LatestRevisionNote"; Value = "Re-released for DXP Platform."; VariantName = "[No Variations]"
Add component (AddParameter): Name = "PackageDescription"; Value = "DO-214-AB/SMC; 2 C-Bend Leads; Body 7.9 x 5.9 mm, inc. leads (LxW)"; VariantName = "[No Variations]"
Add component (AddParameter): Name = "PackageReference"; Value = "SMC"; VariantName = "[No Variations]"
Add component (AddParameter): Name = "PackageVersion"; Value = "Sep-1996"; VariantName = "[No Variations]"
Add component (AddParameter): Name = "Published"; Value = "8-Jun-2000"; VariantName = "[No Variations]"
Add component (AddParameter): Name = "Publisher"; Value = "Altium Limited"; VariantName = "[No Variations]"
Added Pin To Net: NetName=NetC5_1 Pin=C5-1
Added Pin To Net: NetName=VCC-310V Pin=C5-1
Added Pin To Net: NetName=GND-e Pin=C5-2
Added Pin To Net: NetName=NetC5_2 Pin=C5-2
Added Pin To Net: NetName=NetC5_1 Pin=R2-1
Added Pin To Net: NetName=SW2 Pin=R2-1
Added Pin To Net: NetName=NetC5_2 Pin=R3-1
Added Pin To Net: NetName=RESET Pin=R3-1
Added Pin To Net: NetName=NetC?_1 Pin=C?-1
Added Pin To Net: NetName=NetC?_1 Pin=R2-2
Added Net: Name=NetC?_1
Added Member To Class: ClassName=LOAD CONTROL_Final2 Member=Component C5 100n
Added Member To Class: ClassName=LOAD CONTROL_Final2 Member=Component D? Diode
Added Member To Class: ClassName=LOAD CONTROL_Final2 Member=Component R2 20r
Added Member To Class: ClassName=LOAD CONTROL_Final2 Member=Component R3 Res Semi
Added Room: Name=LOAD CONTROL_Final2
