Removed Pin From Net: NetName=9v Pin=R3-2
Removed Pin From Net: NetName=NetD?_1 Pin=R9-1
Removed Pin From Net: NetName=Netpc817_2 Pin=R9-2
Removed Pin From Net: NetName=NetD?_2 Pin=R10-1
Removed Pin From Net: NetName=Netpc817_1 Pin=R10-2
Added Component: Designator=D?(TO552P1530X450X2110-3B)
Add component. Clean all parameters for all variants
Add component (AddParameter): Name = "Check_prices"; Value = "https://www.snapeda.com/parts/BTA41-600A/STMicroelectronics/view-part/?ref=eda"; VariantName = "[No Variations]"
Add component (AddParameter): Name = "MF"; Value = "STMicroelectronics"; VariantName = "[No Variations]"
Add component (AddParameter): Name = "MP"; Value = "BTA41-600A"; VariantName = "[No Variations]"
Add component (AddParameter): Name = "Package"; Value = "TOP-3 STMicroelectronics"; VariantName = "[No Variations]"
Add component (AddParameter): Name = "SnapEDA_Link"; Value = "https://www.snapeda.com/parts/BTA41-600A/STMicroelectronics/view-part/?ref=snap"; VariantName = "[No Variations]"
Add component (AddParameter): Name = "Value"; Value = ""; VariantName = "[No Variations]"
Added Component: Designator=Load(HDR1X2)
Add component. Clean all parameters for all variants
Add component (AddParameter): Name = "LatestRevisionDate"; Value = "17-Jul-2002"; VariantName = "[No Variations]"
Add component (AddParameter): Name = "LatestRevisionNote"; Value = "Re-released for DXP Platform."; VariantName = "[No Variations]"
Add component (AddParameter): Name = "Publisher"; Value = "Altium Limited"; VariantName = "[No Variations]"
Added Component: Designator=RT(RESC4817X04N)
Add component. Clean all parameters for all variants
Add component (AddParameter): Name = "Data"; Value = "16-12-2016"; VariantName = "[No Variations]"
Add component (AddParameter): Name = "Desc."; Value = "RES SMD 1206"; VariantName = "[No Variations]"
Add component (AddParameter): Name = "Designer"; Value = "Abbas Basereh"; VariantName = "[No Variations]"
Added Component: Designator=VR?(14D XXX)
Add component. Clean all parameters for all variants
Add component (AddParameter): Name = "Data"; Value = "2017-1-5"; VariantName = "[No Variations]"
Add component (AddParameter): Name = "Designer"; Value = "Abbas Basereh"; VariantName = "[No Variations]"
Add component (AddParameter): Name = "Link"; Value = "digikey.com"; VariantName = "[No Variations]"
Add component (AddParameter): Name = "Manufacturer"; Value = "china-canada-philipina"; VariantName = "[No Variations]"
Add component (AddParameter): Name = "Models"; Value = "MOV-VDR-COV"; VariantName = "[No Variations]"
Add component (AddParameter): Name = "Part. No"; Value = ""; VariantName = "[No Variations]"
Add component (AddParameter): Name = "PUBLISHER"; Value = "ABBAS BASEREH"; VariantName = "[No Variations]"
Add component (AddParameter): Name = "VALUE"; Value = "xxDxxx"; VariantName = "[No Variations]"
Added Pin To Net: NetName=n Pin=D?-2
Added Pin To Net: NetName=L Pin=Load-1
Added Pin To Net: NetName=NetC5_2 Pin=R3-1
Added Pin To Net: NetName=NetC32_2 Pin=R3-1
Added Pin To Net: NetName=9v Pin=R3-2
Added Pin To Net: NetName=VCC-3.3v Pin=R3-2
Added Pin To Net: NetName=NetC15_2 Pin=R9-1
Added Pin To Net: NetName=NetD?_1 Pin=R9-1
Added Pin To Net: NetName=Netpc817_2 Pin=R9-2
Added Pin To Net: NetName=VCC_5V Pin=R9-2
Added Pin To Net: NetName=NetC1_2 Pin=R10-1
Added Pin To Net: NetName=NetD?_2 Pin=R10-1
Added Pin To Net: NetName=NetC3_2 Pin=R10-2
Added Pin To Net: NetName=Netpc817_1 Pin=R10-2
Added Pin To Net: NetName=n Pin=RT-2
Added Pin To Net: NetName=n Pin=VR?-2
Added Pin To Net: NetName=NetD?_3 Pin=D?-3
Added Pin To Net: NetName=NetD?_3 Pin=MOC3021-6
Added Net: Name=NetD?_3
Added Pin To Net: NetName=NetMOC3021_4 Pin=MOC3021-4
Added Pin To Net: NetName=NetMOC3021_4 Pin=RT-1
Added Net: Name=NetMOC3021_4
Added Member To Class: ClassName=LOAD CONTROL_Final2 Member=Component D? BTA41-600A
Added Member To Class: ClassName=LOAD CONTROL_Final2 Member=Component D? Diode
Added Member To Class: ClassName=LOAD CONTROL_Final2 Member=Component D? Diode
Added Member To Class: ClassName=LOAD CONTROL_Final2 Member=Component D? Diode
Added Member To Class: ClassName=LOAD CONTROL_Final2 Member=Component D? Diode
Added Member To Class: ClassName=LOAD CONTROL_Final2 Member=Component D? Diode
Added Member To Class: ClassName=LOAD CONTROL_Final2 Member=Component D? Diode
Added Member To Class: ClassName=LOAD CONTROL_Final2 Member=Component D? Diode
Added Member To Class: ClassName=LOAD CONTROL_Final2 Member=Component D? Diode
Added Member To Class: ClassName=LOAD CONTROL_Final2 Member=Component Load Header 2
Added Member To Class: ClassName=LOAD CONTROL_Final2 Member=Component R3 10r
Added Member To Class: ClassName=LOAD CONTROL_Final2 Member=Component R3 Res Semi
Added Member To Class: ClassName=LOAD CONTROL_Final2 Member=Component R9 Res Semi
Added Member To Class: ClassName=LOAD CONTROL_Final2 Member=Component R10 Res Semi
Added Member To Class: ClassName=LOAD CONTROL_Final2 Member=Component RT 330r
Added Member To Class: ClassName=LOAD CONTROL_Final2 Member=Component VR? xxDxxx
Added Room: Name=LOAD CONTROL_Final2
