Removed Pin From Net: NetName=GND Pin=C14-1
Removed Pin From Net: NetName=VCC-3.3v Pin=C14-2
Removed Member From Class: ClassName=LOAD CONTROL_Final2 Member=C14
Added Component: Designator=C?(Cap electrolitic radial 5x11-2)
Add component. Clean all parameters for all variants
Add component (AddParameter): Name = "Data"; Value = "16-12-2016"; VariantName = "[No Variations]"
Add component (AddParameter): Name = "Designer"; Value = "Abbas Basereh"; VariantName = "[No Variations]"
Add component (AddParameter): Name = "Link"; Value = ""; VariantName = "[No Variations]"
Add component (AddParameter): Name = "Manufacturer"; Value = ""; VariantName = "[No Variations]"
Add component (AddParameter): Name = "Part. No"; Value = ""; VariantName = "[No Variations]"
Add component (AddParameter): Name = "VALUE"; Value = "1uF"; VariantName = "[No Variations]"
Added Component: Designator=C?(Cap electrolitic radial 5x11-2)
Add component. Clean all parameters for all variants
Add component (AddParameter): Name = "Data"; Value = "16-12-2016"; VariantName = "[No Variations]"
Add component (AddParameter): Name = "Designer"; Value = "Abbas Basereh"; VariantName = "[No Variations]"
Add component (AddParameter): Name = "Link"; Value = ""; VariantName = "[No Variations]"
Add component (AddParameter): Name = "Manufacturer"; Value = ""; VariantName = "[No Variations]"
Add component (AddParameter): Name = "Part. No"; Value = ""; VariantName = "[No Variations]"
Add component (AddParameter): Name = "VALUE"; Value = "1uF"; VariantName = "[No Variations]"
Added Component: Designator=C?(Cap electrolitic radial 5x11-2)
Add component. Clean all parameters for all variants
Add component (AddParameter): Name = "Data"; Value = "16-12-2016"; VariantName = "[No Variations]"
Add component (AddParameter): Name = "Designer"; Value = "Abbas Basereh"; VariantName = "[No Variations]"
Add component (AddParameter): Name = "Link"; Value = ""; VariantName = "[No Variations]"
Add component (AddParameter): Name = "Manufacturer"; Value = ""; VariantName = "[No Variations]"
Add component (AddParameter): Name = "Part. No"; Value = ""; VariantName = "[No Variations]"
Add component (AddParameter): Name = "VALUE"; Value = "1uF"; VariantName = "[No Variations]"
Added Component: Designator=C?(Cap electrolitic radial 5x11-2)
Add component. Clean all parameters for all variants
Add component (AddParameter): Name = "Data"; Value = "16-12-2016"; VariantName = "[No Variations]"
Add component (AddParameter): Name = "Designer"; Value = "Abbas Basereh"; VariantName = "[No Variations]"
Add component (AddParameter): Name = "Link"; Value = ""; VariantName = "[No Variations]"
Add component (AddParameter): Name = "Manufacturer"; Value = ""; VariantName = "[No Variations]"
Add component (AddParameter): Name = "Part. No"; Value = ""; VariantName = "[No Variations]"
Add component (AddParameter): Name = "VALUE"; Value = "1uF"; VariantName = "[No Variations]"
Added Pin To Net: NetName=NetC17_2 Pin=C?-1
Added Pin To Net: NetName=NetC20_1 Pin=C?-1
Added Pin To Net: NetName=VCC-3.3v Pin=C?-1
Added Pin To Net: NetName=VCC_5V Pin=C?-1
Added Pin To Net: NetName=GND Pin=C?-2
Added Pin To Net: NetName=GND Pin=C?-2
Added Pin To Net: NetName=GND Pin=C?-2
Added Pin To Net: NetName=NetC20_1 Pin=C?-2
Change Net Name : Old Net Name=NetC17_2 New Net Name=NetC?_1
Added Member To Class: ClassName=LOAD CONTROL_Final2 Member=Component C? 1uF
Added Member To Class: ClassName=LOAD CONTROL_Final2 Member=Component C? 1uF
Added Member To Class: ClassName=LOAD CONTROL_Final2 Member=Component C? 1uF
Added Member To Class: ClassName=LOAD CONTROL_Final2 Member=Component C? 1uF
Added Member To Class: ClassName=LOAD CONTROL_Final2 Member=Component C? 100nF
Added Member To Class: ClassName=LOAD CONTROL_Final2 Member=Component D? 1n4007
Added Member To Class: ClassName=LOAD CONTROL_Final2 Member=Component D? 1n4007
Added Member To Class: ClassName=LOAD CONTROL_Final2 Member=Component D? 1n4007
Added Member To Class: ClassName=LOAD CONTROL_Final2 Member=Component R? 1K
Added Member To Class: ClassName=LOAD CONTROL_Final2 Member=Component R? 1K
Added Member To Class: ClassName=LOAD CONTROL_Final2 Member=Component R? 1K
Added Member To Class: ClassName=LOAD CONTROL_Final2 Member=Component R? 1K
Added Member To Class: ClassName=LOAD CONTROL_Final2 Member=Component R? 10r
Added Member To Class: ClassName=LOAD CONTROL_Final2 Member=Component R? 10r
Added Member To Class: ClassName=LOAD CONTROL_Final2 Member=Component R? 100K
Added Member To Class: ClassName=LOAD CONTROL_Final2 Member=Component VR? AMS1117-xx
Added Room: Name=LOAD CONTROL_Final2
