Removed Member From Class: ClassName=LOAD CONTROL_Final2 Member=5d-15
Added Component: Designator=R?(RESC4817X04N)
Add component. Clean all parameters for all variants
Add component (AddParameter): Name = "Data"; Value = "16-12-2016"; VariantName = "[No Variations]"
Add component (AddParameter): Name = "Desc."; Value = "RES SMD 1206"; VariantName = "[No Variations]"
Add component (AddParameter): Name = "Designer"; Value = "Abbas Basereh"; VariantName = "[No Variations]"
Add component (AddParameter): Name = "Value"; Value = "1k"; VariantName = "[No Variations]"
Added Component: Designator=VR?(SOT-223)
Add component. Clean all parameters for all variants
Added Pin To Net: NetName=NetC13_2 Pin=R?-1
Added Pin To Net: NetName=NetC13_1 Pin=R?-2
Added Pin To Net: NetName=NetC?_2 Pin=C?-2
Added Net: Name=NetC?_2
Added Pin To Net: NetName=NetFuse 1_2 Pin=Fuse 1-2
Added Net: Name=NetFuse 1_2
Added Member To Class: ClassName=LOAD CONTROL_Final2 Member=Component C? 100nF
Added Member To Class: ClassName=LOAD CONTROL_Final2 Member=Component D? 1n4007
Added Member To Class: ClassName=LOAD CONTROL_Final2 Member=Component D? 1n4007
Added Member To Class: ClassName=LOAD CONTROL_Final2 Member=Component D? 1n4007
Added Member To Class: ClassName=LOAD CONTROL_Final2 Member=Component R? 1K
Added Member To Class: ClassName=LOAD CONTROL_Final2 Member=Component R? 1K
Added Member To Class: ClassName=LOAD CONTROL_Final2 Member=Component R? 1K
Added Member To Class: ClassName=LOAD CONTROL_Final2 Member=Component R? 1K
Added Member To Class: ClassName=LOAD CONTROL_Final2 Member=Component R? 10r
Added Member To Class: ClassName=LOAD CONTROL_Final2 Member=Component R? 10r
Added Member To Class: ClassName=LOAD CONTROL_Final2 Member=Component R? 100K
Added Member To Class: ClassName=LOAD CONTROL_Final2 Member=Component VR? AMS1117-xx
Added Room: Name=LOAD CONTROL_Final2
