Removed Pin From Net: NetName=GND-e Pin=BR2-2
Removed Pin From Net: NetName=VDD Pin=D3-1
Removed Pin From Net: NetName=NetC52_1 Pin=IC2-1
Removed Pin From Net: NetName=OD Pin=IC2-4
Removed Pin From Net: NetName=GND-e Pin=IC2-5
Removed Pin From Net: NetName=GND-e Pin=IC2-6
Removed Pin From Net: NetName=GND-e Pin=IC2-7
Removed Pin From Net: NetName=GND-e Pin=IC2-8
Removed Pin From Net: NetName=L Pin=K2-3
Removed Pin From Net: NetName=VDD Pin=K2-5
Removed Pin From Net: NetName=GND Pin=Q2-3
Removed Pin From Net: NetName=relay main Pin=R13-1
Removed Member From Class: ClassName=LOAD CONTROL_Final2 Member=BR2
Removed Member From Class: ClassName=LOAD CONTROL_Final2 Member=D3
Removed Member From Class: ClassName=LOAD CONTROL_Final2 Member=K2
Removed Member From Class: ClassName=LOAD CONTROL_Final2 Member=R13
Removed Member From Class: ClassName=LOAD CONTROL_Final2 Member=RV1
Change Component Comment : Designator=l1 Old Comment=1mH New Comment=100uh
Change Component Comment : Designator=C4 Old Comment=2.3nf New Comment=100n
Change Component Comment : Designator=Q2 Old Comment=2SC2873-Y_F_ New Comment=TPC817S1A_RAG
Change Component Comment : Designator=IC2 Old Comment=TNY176PN New Comment=AMS1117-3.3V
Change component parameters: Designator = "IC2"; Footprint = "SOT229P700X180-4N"; UniqueID = "\GRTMCJJR"
Change component parameters. Clean all parameters for all variants
Change component parameters (AddParameter): Name = "Arrow Part Number"; Value = ""; VariantName = "[No Variations]"
Change component parameters (AddParameter): Name = "Arrow Price/Stock"; Value = ""; VariantName = "[No Variations]"
Change component parameters (AddParameter): Name = "Datasheet Link"; Value = "http://www.advanced-monolithic.com/pdf/ds1117.pdf"; VariantName = "[No Variations]"
Change component parameters (AddParameter): Name = "Height"; Value = "1.8mm"; VariantName = "[No Variations]"
Change component parameters (AddParameter): Name = "Manufacturer_Name"; Value = "Advanced Monolithic Systems"; VariantName = "[No Variations]"
Change component parameters (AddParameter): Name = "Manufacturer_Part_Number"; Value = "AMS1117-3.3"; VariantName = "[No Variations]"
Change component parameters (AddParameter): Name = "Mouser Part Number"; Value = ""; VariantName = "[No Variations]"
Change component parameters (AddParameter): Name = "Mouser Price/Stock"; Value = ""; VariantName = "[No Variations]"
Change component parameters: Designator = "Q2"; Footprint = "SOP259P1005X368-4N"; UniqueID = "\QTQWLHLO"
Change component parameters. Clean all parameters for all variants
Change component parameters (AddParameter): Name = "Datasheet Link"; Value = "http://www.taiwansemi.com/products/datasheet/TPC817%20SERIES_C1612.pdf"; VariantName = "[No Variations]"
Change component parameters (AddParameter): Name = "Height"; Value = "3.68mm"; VariantName = "[No Variations]"
Change component parameters (AddParameter): Name = "Manufacturer_Name"; Value = "Taiwan Semiconductor"; VariantName = "[No Variations]"
Change component parameters (AddParameter): Name = "Manufacturer_Part_Number"; Value = "TPC817S1A RAG"; VariantName = "[No Variations]"
Change component parameters (AddParameter): Name = "Mouser Part Number"; Value = "821-TPC817S1ARAG"; VariantName = "[No Variations]"
Change component parameters (AddParameter): Name = "Mouser Price/Stock"; Value = "https://www.mouser.com/Search/Refine.aspx?Keyword=821-TPC817S1ARAG"; VariantName = "[No Variations]"
Change component parameters (AddParameter): Name = "RS Part Number"; Value = ""; VariantName = "[No Variations]"
Change component parameters (AddParameter): Name = "RS Price/Stock"; Value = ""; VariantName = "[No Variations]"
Added Component: Designator=C?(RAD-0.3)
Add component. Clean all parameters for all variants
Add component (AddParameter): Name = "LatestRevisionDate"; Value = "17-Jul-2002"; VariantName = "[No Variations]"
Add component (AddParameter): Name = "LatestRevisionNote"; Value = "Re-released for DXP Platform."; VariantName = "[No Variations]"
Add component (AddParameter): Name = "PackageDescription"; Value = "Radial Cap, Thru-Hole; 2 Leads; 0.3 in Pin Spacing"; VariantName = "[No Variations]"
Add component (AddParameter): Name = "PackageReference"; Value = "RAD-0.3"; VariantName = "[No Variations]"
Add component (AddParameter): Name = "Published"; Value = "8-Jun-2000"; VariantName = "[No Variations]"
Add component (AddParameter): Name = "Publisher"; Value = "Altium Limited"; VariantName = "[No Variations]"
Add component (AddParameter): Name = "Value"; Value = "100pF"; VariantName = "[No Variations]"
Added Pin To Net: NetName=NetC4_1 Pin=C4-1
Added Pin To Net: NetName=NetC4_1 Pin=Fuse 3A-2
Added Net: Name=NetC4_1
Added Pin To Net: NetName=NetC5_1 Pin=C5-1
Added Pin To Net: NetName=NetC5_1 Pin=R2-1
Added Net: Name=NetC5_1
Added Pin To Net: NetName=NetC5_2 Pin=C5-2
Added Pin To Net: NetName=NetC5_2 Pin=l1-2
Added Pin To Net: NetName=NetC5_2 Pin=R3-1
Added Net: Name=NetC5_2
Added Member To Class: ClassName=LOAD CONTROL_Final2 Member=Component C5 100n
Added Member To Class: ClassName=LOAD CONTROL_Final2 Member=Component C? Cap
Added Member To Class: ClassName=LOAD CONTROL_Final2 Member=Component R2 20r
Added Member To Class: ClassName=LOAD CONTROL_Final2 Member=Component R3 Res Semi
Added Room: Name=LOAD CONTROL_Final2
